  ▲ Next.js 14.2.28
  - Local:        http://localhost:3000
  - Environments: .env
  - Experiments (use with caution):
    · outputFileTracingRoot

 ✓ Starting...
 ✓ Ready in 1647ms
 ○ Compiling / ...
 ✓ Compiled / in 1867ms (1356 modules)
 GET / 200 in 1997ms
 ✓ Compiled in 453ms (681 modules)
 ✓ Compiled /api/auth/providers in 238ms (705 modules)
 GET /api/auth/providers 200 in 334ms
 GET / 200 in 84ms
 ✓ Compiled /api/dashboard/stats in 198ms (708 modules)
 GET /api/dashboard/stats 200 in 353ms
 GET /api/dashboard/stats 200 in 93ms
 ✓ Compiled /api/repositories in 137ms (710 modules)
 GET /api/repositories 200 in 240ms
 GET /api/repositories 200 in 80ms
 ✓ Compiled /api/pipeline-executions in 172ms (712 modules)
 GET /api/pipeline-executions 200 in 280ms
 GET /api/pipeline-executions 200 in 78ms
 ○ Compiling /_not-found ...
 ✓ Compiled /_not-found in 520ms (1384 modules)
 GET /api/auth/csrf 404 in 593ms
 POST /api/signup 404 in 17ms
 GET /api/auth/csrf 404 in 16ms
 ✓ Compiled in 519ms (1396 modules)
 ✓ Compiled in 791ms (1396 modules)
[?25h
