  ▲ Next.js 14.2.28
  - Local:        http://localhost:3000
  - Environments: .env
  - Experiments (use with caution):
    · outputFileTracingRoot

 ✓ Starting...
 ✓ Ready in 1755ms
 ○ Compiling / ...
 ✓ Compiled / in 2.1s (1394 modules)
 GET / 200 in 2509ms
 ✓ Compiled in 506ms (700 modules)
 GET / 200 in 49ms
 ✓ Compiled /api/dashboard/stats in 233ms (725 modules)
 GET /api/dashboard/stats 200 in 430ms
 GET /api/dashboard/stats 200 in 101ms
 GET / 200 in 104ms
 GET / 200 in 42ms
 GET / 200 in 44ms
 GET / 200 in 40ms
 GET /api/dashboard/stats 200 in 97ms
 GET /api/dashboard/stats 200 in 92ms
 GET / 200 in 39ms
 GET / 200 in 50ms
 GET / 200 in 39ms
 GET / 200 in 36ms
 GET / 200 in 43ms
 GET / 200 in 42ms
 GET / 200 in 41ms
 GET / 200 in 38ms
 GET / 200 in 38ms
 GET / 200 in 33ms
 GET / 200 in 33ms
 GET / 200 in 33ms
 GET / 200 in 34ms
 GET / 200 in 34ms
 GET / 200 in 37ms
 GET / 200 in 36ms
 GET / 200 in 33ms
 GET / 200 in 38ms
 GET / 200 in 36ms
 GET / 200 in 37ms
 GET / 200 in 33ms
 GET / 200 in 47ms
 GET / 200 in 37ms
