  ▲ Next.js 14.2.28
  - Local:        http://localhost:3000
  - Environments: .env
  - Experiments (use with caution):
    · outputFileTracingRoot

 ✓ Starting...
 ✓ Ready in 1677ms
 ○ Compiling / ...
 ✓ Compiled / in 2s (1356 modules)
 GET / 200 in 2411ms
 ✓ Compiled in 460ms (681 modules)
 GET / 200 in 46ms
 ✓ Compiled /api/dashboard/stats in 253ms (706 modules)
 GET /api/dashboard/stats 200 in 460ms
 GET /api/dashboard/stats 200 in 74ms
 GET / 200 in 89ms
 GET / 200 in 37ms
 GET / 200 in 31ms
 GET /api/dashboard/stats 200 in 95ms
 GET /api/dashboard/stats 200 in 96ms
 GET / 200 in 38ms
 GET / 200 in 37ms
 GET / 200 in 36ms
 ✓ Compiled in 646ms (1356 modules)
 ✓ Compiled in 461ms (1356 modules)
 ✓ Compiled in 389ms (685 modules)
 ✓ Compiled in 529ms (690 modules)
 ✓ Compiled in 265ms (690 modules)
 ✓ Compiled in 257ms (690 modules)
 ✓ Compiled in 540ms (691 modules)
 ✓ Compiled in 220ms (691 modules)
 ✓ Compiled in 268ms (691 modules)
[?25h
