➤ YN0000: · Yarn 4.9.4
➤ YN0000: ┌ Resolution step
➤ YN0085: │ - @aws-crypto/crc32@npm:5.2.0, @aws-crypto/crc32c@npm:5.2.0, @aws-crypto/sha1-browser@npm:5.2.0, @aws-crypto/sha256-browser@npm:5.2.0, and 94 more.
➤ YN0000: └ Completed
➤ YN0000: ┌ Post-resolution validation
➤ YN0060: │ @typescript-eslint/parser is listed by your project with version 7.0.0 (p6cb6c0), which doesn't satisfy what @typescript-eslint/eslint-plugin requests (^6.0.0-alpha).
➤ YN0060: │ eslint is listed by your project with version 9.24.0 (pe6e000), which doesn't satisfy what @typescript-eslint/eslint-plugin and other dependencies request (^8.57.0).
➤ YN0002: │ app@workspace:. doesn't provide prettier (pd88b5f), requested by eslint-plugin-prettier.
➤ YN0086: │ Some peer dependencies are incorrectly met by your project; run yarn explain peer-requirements <hash> for details, where <hash> is the six-letter p-prefixed code.
➤ YN0086: │ Some peer dependencies are incorrectly met by dependencies; run yarn explain peer-requirements for details.
➤ YN0000: └ Completed
➤ YN0000: ┌ Fetch step
➤ YN0000: └ Completed in 0s 923ms
➤ YN0000: ┌ Link step
➤ YN0000: └ Completed in 1s 3ms
➤ YN0000: · Done with warnings in 2s 228ms
Environment variables loaded from .env
Prisma schema loaded from prisma/schema.prisma

✔ Generated Prisma Client (v6.7.0) to ./node_modules/.prisma/client in 100ms

Start by importing your Prisma Client (See: https://pris.ly/d/importing-client)

Tip: Easily identify and fix slow SQL queries in your app. Optimize helps you enhance your visibility: https://pris.ly/--optimize

Starting server...
  ▲ Next.js 14.2.28
  - Local:        http://localhost:3000
  - Environments: .env
  - Experiments (use with caution):
    · outputFileTracingRoot

 ✓ Starting...
 ✓ Ready in 1736ms
 ○ Compiling / ...
 ✓ Compiled / in 2.3s (1394 modules)
 HEAD / 200 in 2648ms
 ✓ Compiled in 526ms (700 modules)
 GET / 200 in 64ms
 GET / 200 in 41ms
 GET / 200 in 43ms
 ✓ Compiled /api/dashboard/stats in 232ms (725 modules)
 GET /api/dashboard/stats 200 in 442ms
 GET /api/dashboard/stats 200 in 87ms
[?25h
