  ▲ Next.js 14.2.28
  - Local:        http://localhost:3000
  - Environments: .env
  - Experiments (use with caution):
    · outputFileTracingRoot

 ✓ Starting...
 ✓ Ready in 1704ms
 ○ Compiling / ...
 ✓ Compiled / in 2.3s (1394 modules)
 GET / 200 in 2553ms
 ✓ Compiled in 469ms (700 modules)
 ✓ Compiled /api/auth/providers in 252ms (724 modules)
 GET /api/auth/providers 200 in 351ms
 GET / 200 in 101ms
 ✓ Compiled /api/dashboard/stats in 137ms (727 modules)
 GET /api/dashboard/stats 200 in 271ms
 GET /api/dashboard/stats 200 in 98ms
 ✓ Compiled /api/repositories in 138ms (729 modules)
 GET /api/repositories 200 in 244ms
 GET /api/repositories 200 in 86ms
 ✓ Compiled /api/pipeline-executions in 193ms (731 modules)
 GET /api/pipeline-executions 200 in 310ms
 GET /api/pipeline-executions 200 in 81ms
 ✓ Compiled /api/auth/csrf in 150ms (734 modules)
 GET /api/auth/csrf 200 in 196ms
 ✓ Compiled /_not-found in 410ms (1425 modules)
 POST /api/signup 404 in 460ms
 GET /api/auth/csrf 200 in 28ms
 ✓ Compiled /api/auth/[...nextauth] in 212ms (737 modules)
 POST /api/auth/callback/credentials 302 in 498ms
[?25h
