  ▲ Next.js 14.2.28
  - Local:        http://localhost:3000
  - Environments: .env
  - Experiments (use with caution):
    · outputFileTracingRoot

 ✓ Starting...
 ✓ Ready in 1708ms
 ○ Compiling / ...
 ✓ Compiled / in 2.1s (1356 modules)
 GET / 200 in 2340ms
 ✓ Compiled in 472ms (681 modules)
 ✓ Compiled /api/auth/providers in 285ms (705 modules)
 GET /api/auth/providers 200 in 388ms
 GET / 200 in 96ms
 ✓ Compiled /api/dashboard/stats in 145ms (708 modules)
 GET /api/dashboard/stats 200 in 293ms
 GET /api/dashboard/stats 200 in 100ms
 ✓ Compiled /api/repositories in 120ms (710 modules)
 GET /api/repositories 200 in 226ms
 GET /api/repositories 200 in 79ms
 ✓ Compiled /api/pipeline-executions in 130ms (712 modules)
 GET /api/pipeline-executions 200 in 241ms
 GET /api/pipeline-executions 200 in 81ms
 ✓ Compiled /api/auth/csrf in 152ms (715 modules)
 GET /api/auth/csrf 200 in 195ms
 ✓ Compiled /_not-found in 315ms (1387 modules)
 POST /api/signup 404 in 364ms
 GET /api/auth/csrf 200 in 26ms
 ✓ Compiled /api/auth/[...nextauth] in 168ms (718 modules)
 POST /api/auth/callback/credentials 302 in 450ms
   Reload env: .env
 ✓ Compiled in 236ms (1389 modules)
[?25h
