➤ YN0000: · Yarn 4.9.4
➤ YN0000: ┌ Resolution step
➤ YN0000: └ Completed
➤ YN0000: ┌ Post-resolution validation
➤ YN0060: │ @typescript-eslint/parser is listed by your project with version 7.0.0 (p6cb6c0), which doesn't satisfy what @typescript-eslint/eslint-plugin requests (^6.0.0-alpha).
➤ YN0060: │ eslint is listed by your project with version 9.24.0 (pe6e000), which doesn't satisfy what @typescript-eslint/eslint-plugin and other dependencies request (^8.57.0).
➤ YN0002: │ app@workspace:. doesn't provide prettier (pd88b5f), requested by eslint-plugin-prettier.
➤ YN0086: │ Some peer dependencies are incorrectly met by your project; run yarn explain peer-requirements <hash> for details, where <hash> is the six-letter p-prefixed code.
➤ YN0086: │ Some peer dependencies are incorrectly met by dependencies; run yarn explain peer-requirements for details.
➤ YN0000: └ Completed
➤ YN0000: ┌ Fetch step
➤ YN0000: └ Completed in 0s 912ms
➤ YN0000: ┌ Link step
➤ YN0000: └ Completed in 0s 575ms
➤ YN0000: · Done with warnings in 1s 689ms
Environment variables loaded from .env
Prisma schema loaded from prisma/schema.prisma

✔ Generated Prisma Client (v6.7.0) to ./node_modules/.prisma/client in 134ms

Start by importing your Prisma Client (See: https://pris.ly/d/importing-client)

Help us improve the Prisma ORM for everyone. Share your feedback in a short 2-min survey: https://pris.ly/orm/survey/release-5-22

Starting server...
  ▲ Next.js 14.2.28
  - Local:        http://localhost:3000
  - Environments: .env
  - Experiments (use with caution):
    · outputFileTracingRoot

 ✓ Starting...
 ✓ Ready in 1673ms
 ○ Compiling / ...
 ✓ Compiled / in 2.1s (1394 modules)
 ✓ Compiled in 513ms (700 modules)
 GET / 200 in 78ms
 GET / 200 in 43ms
 GET / 200 in 43ms
 ✓ Compiled /api/dashboard/stats in 220ms (725 modules)
 GET /api/dashboard/stats 200 in 410ms
 GET /api/dashboard/stats 200 in 105ms
 GET / 200 in 127ms
 GET / 200 in 44ms
 GET / 200 in 45ms
 GET / 200 in 47ms
 GET / 200 in 45ms
 GET / 200 in 44ms
 GET / 200 in 45ms
 GET / 200 in 48ms
 GET / 200 in 49ms
 GET / 200 in 55ms
 GET / 200 in 48ms
 GET / 200 in 39ms
 GET / 200 in 38ms
 GET / 200 in 47ms
 GET / 200 in 42ms
 GET / 200 in 39ms
 GET / 200 in 36ms
 GET / 200 in 36ms
 GET / 200 in 36ms
 GET / 200 in 36ms
 GET / 200 in 35ms
 GET / 200 in 34ms
 GET / 200 in 35ms
 GET / 200 in 33ms
 GET / 200 in 36ms
 GET / 200 in 32ms
 GET / 200 in 34ms
 GET / 200 in 39ms
 GET / 200 in 33ms
 GET / 200 in 37ms
