  ▲ Next.js 14.2.28
  - Local:        http://localhost:3000
  - Environments: .env
  - Experiments (use with caution):
    · outputFileTracingRoot

 ✓ Starting...
 ✓ Ready in 1599ms
 ○ Compiling / ...
 ✓ Compiled /api/dashboard/stats in 4.5s (1384 modules)
 GET / 200 in 4965ms
 GET /api/dashboard/stats 200 in 2052ms
 ✓ Compiled in 1504ms (676 modules)
 GET / 200 in 45ms
 GET / 200 in 33ms
 ✓ Compiled /api/repositories in 128ms (703 modules)
 GET /api/repositories 200 in 227ms
 GET /api/dashboard/stats 200 in 100ms
 GET / 200 in 53ms
 GET / 200 in 34ms
 GET /api/dashboard/stats 200 in 96ms
 GET /api/dashboard/stats 200 in 72ms
 ✓ Compiled /api/pipelines in 131ms (705 modules)
 GET /api/pipelines 200 in 233ms
 GET / 200 in 67ms
 GET / 200 in 34ms
 GET /api/dashboard/stats 200 in 93ms
 GET /api/dashboard/stats 200 in 93ms
 GET / 200 in 39ms
 GET / 200 in 58ms
 GET / 200 in 38ms
 GET /api/dashboard/stats 200 in 103ms
 GET /api/dashboard/stats 200 in 98ms
 GET /api/dashboard/stats 200 in 92ms
 GET /api/dashboard/stats 200 in 90ms
 GET / 200 in 41ms
 GET / 200 in 37ms
 GET / 200 in 32ms
 GET / 200 in 32ms
 GET /api/dashboard/stats 200 in 96ms
 GET /api/dashboard/stats 200 in 94ms
 GET / 200 in 34ms
 GET / 200 in 35ms
 GET / 200 in 35ms
 GET / 200 in 47ms
 GET / 200 in 34ms
 GET / 200 in 33ms
 GET / 200 in 37ms
 GET / 200 in 29ms
 GET / 200 in 32ms
 GET / 200 in 29ms
 GET / 200 in 30ms
 GET / 200 in 28ms
 GET / 200 in 31ms
 GET / 200 in 27ms
 GET / 200 in 30ms
 GET / 200 in 32ms
 GET / 200 in 32ms
 GET / 200 in 28ms
 GET / 200 in 30ms
 GET / 200 in 30ms
 GET / 200 in 31ms
 GET / 200 in 29ms
 GET / 200 in 43ms
 GET / 200 in 29ms
 GET / 200 in 30ms
 GET / 200 in 28ms
 GET / 200 in 30ms
 GET /api/dashboard/stats 200 in 107ms
 GET /api/dashboard/stats 200 in 69ms
 GET / 200 in 32ms
 GET / 200 in 31ms
 GET / 200 in 30ms
 GET / 200 in 30ms
 GET / 200 in 30ms
 GET / 200 in 27ms
 ✓ Compiled in 611ms (1346 modules)
 ✓ Compiled in 726ms (1356 modules)
 ✓ Compiled in 396ms (1356 modules)
 ✓ Compiled in 465ms (1356 modules)
 ✓ Compiled in 484ms (1356 modules)
[?25h
