  ▲ Next.js 14.2.28
  - Local:        http://localhost:3000
  - Environments: .env
  - Experiments (use with caution):
    · outputFileTracingRoot

 ✓ Starting...
 ✓ Ready in 1611ms
 ○ Compiling / ...
 ✓ Compiled / in 2.2s (1376 modules)
 GET / 200 in 2591ms
 ✓ Compiled in 486ms (691 modules)
 GET / 200 in 50ms
 ✓ Compiled /api/dashboard/stats in 213ms (716 modules)
 GET /api/dashboard/stats 200 in 402ms
 GET /api/dashboard/stats 200 in 97ms
 GET / 200 in 93ms
 GET / 200 in 38ms
 GET / 200 in 41ms
 GET / 200 in 40ms
 GET /api/dashboard/stats 200 in 95ms
 GET /api/dashboard/stats 200 in 95ms
 ✓ Compiled in 827ms (1407 modules)
 ✓ Compiled in 457ms (748 modules)
 ✓ Compiled in 448ms (700 modules)
 ✓ Compiled in 595ms (700 modules)
 ✓ Compiled in 222ms (700 modules)
 ✓ Compiled in 220ms (700 modules)
 ✓ Compiled in 521ms (700 modules)
[?25h
