  ▲ Next.js 14.2.28
  - Local:        http://localhost:3000
  - Environments: .env
  - Experiments (use with caution):
    · outputFileTracingRoot

 ✓ Starting...
 ✓ Ready in 1512ms
 ○ Compiling / ...
 ✓ Compiled / in 2.4s (1394 modules)
 GET / 200 in 2801ms
 ✓ Compiled in 490ms (700 modules)
 ✓ Compiled /api/auth/providers in 256ms (724 modules)
 GET /api/auth/providers 200 in 363ms
 GET / 200 in 117ms
 ✓ Compiled /api/dashboard/stats in 165ms (727 modules)
 GET /api/dashboard/stats 200 in 343ms
 GET /api/dashboard/stats 200 in 82ms
 ✓ Compiled /api/repositories in 131ms (729 modules)
 GET /api/repositories 200 in 246ms
 GET /api/repositories 200 in 90ms
 ✓ Compiled /api/pipeline-executions in 134ms (731 modules)
 GET /api/pipeline-executions 200 in 248ms
 GET /api/pipeline-executions 200 in 83ms
 ✓ Compiled /api/auth/csrf in 148ms (734 modules)
 GET /api/auth/csrf 200 in 192ms
 ✓ Compiled /_not-found in 343ms (1425 modules)
 POST /api/signup 404 in 391ms
 GET /api/auth/csrf 200 in 30ms
 ✓ Compiled /api/auth/[...nextauth] in 162ms (737 modules)
 POST /api/auth/callback/credentials 302 in 449ms
 ✓ Compiled in 292ms (702 modules)
[?25h
