  ▲ Next.js 14.2.28
  - Local:        http://localhost:3000
  - Environments: .env
  - Experiments (use with caution):
    · outputFileTracingRoot

 ✓ Starting...
 ✓ Ready in 1747ms
 ○ Compiling / ...
 ✓ Compiled / in 2.4s (1356 modules)
 GET / 200 in 2692ms
 ✓ Compiled in 511ms (681 modules)
 ✓ Compiled /api/auth/providers in 415ms (705 modules)
 GET /api/auth/providers 200 in 579ms
 GET / 200 in 125ms
 ✓ Compiled /api/dashboard/stats in 206ms (708 modules)
 GET /api/dashboard/stats 200 in 424ms
 GET /api/dashboard/stats 200 in 119ms
 ✓ Compiled /api/repositories in 144ms (710 modules)
 GET /api/repositories 200 in 265ms
 GET /api/repositories 200 in 85ms
 ✓ Compiled /api/pipeline-executions in 181ms (712 modules)
 GET /api/pipeline-executions 200 in 285ms
 GET /api/pipeline-executions 200 in 83ms
 ✓ Compiled /api/auth/csrf in 157ms (715 modules)
 GET /api/auth/csrf 200 in 195ms
 ✓ Compiled /_not-found in 346ms (1387 modules)
 POST /api/signup 404 in 397ms
 GET /api/auth/csrf 200 in 26ms
 POST /api/auth/callback/credentials 404 in 18ms
 ✓ Compiled in 419ms (681 modules)
 ✓ Compiled in 473ms (681 modules)
[?25h
