  ▲ Next.js 14.2.28
  - Local:        http://localhost:3000
  - Environments: .env
  - Experiments (use with caution):
    · outputFileTracingRoot

 ✓ Starting...
 ✓ Ready in 1734ms
 ○ Compiling / ...
 ✓ Compiled / in 2.4s (1376 modules)
 GET / 200 in 2646ms
 ✓ Compiled in 465ms (691 modules)
 ✓ Compiled /api/auth/providers in 279ms (715 modules)
 GET /api/auth/providers 200 in 380ms
 GET / 200 in 93ms
 ✓ Compiled /api/dashboard/stats in 132ms (718 modules)
 GET /api/dashboard/stats 200 in 285ms
 GET /api/dashboard/stats 200 in 99ms
 ✓ Compiled /api/repositories in 131ms (720 modules)
 GET /api/repositories 200 in 241ms
 GET /api/repositories 200 in 86ms
 ✓ Compiled /api/pipeline-executions in 122ms (722 modules)
 GET /api/pipeline-executions 200 in 233ms
 GET /api/pipeline-executions 200 in 79ms
 ✓ Compiled /api/auth/csrf in 119ms (725 modules)
 GET /api/auth/csrf 200 in 158ms
 ✓ Compiled /_not-found in 333ms (1407 modules)
 POST /api/signup 404 in 381ms
 GET /api/auth/csrf 200 in 26ms
 ✓ Compiled /api/auth/[...nextauth] in 150ms (728 modules)
 POST /api/auth/callback/credentials 302 in 426ms
[?25h
